<html>
<head>
<title>TestNG:  Integer Task Test</title>
<link href="../testng.css" rel="stylesheet" type="text/css" />
<link href="../my-testng.css" rel="stylesheet" type="text/css" />

<style type="text/css">
.log { display: none;} 
.stack-trace { display: none;} 
</style>
<script type="text/javascript">
<!--
function flip(e) {
  current = e.style.display;
  if (current == 'block') {
    e.style.display = 'none';
    return 0;
  }
  else {
    e.style.display = 'block';
    return 1;
  }
}

function toggleBox(szDivId, elem, msg1, msg2)
{
  var res = -1;  if (document.getElementById) {
    res = flip(document.getElementById(szDivId));
  }
  else if (document.all) {
    // this is the way old msie versions work
    res = flip(document.all[szDivId]);
  }
  if(elem) {
    if(res == 0) elem.innerHTML = msg1; else elem.innerHTML = msg2;
  }

}

function toggleAllBoxes() {
  if (document.getElementsByTagName) {
    d = document.getElementsByTagName('div');
    for (i = 0; i < d.length; i++) {
      if (d[i].className == 'log') {
        flip(d[i]);
      }
    }
  }
}

// -->
</script>

</head>
<body>
<h2 align='center'>Integer Task Test</h2><table border='1' align="center">
<tr>
<td>Tests passed/Failed/Skipped:</td><td>12/0/0</td>
</tr><tr>
<td>Started on:</td><td>Thu Jun 23 19:10:20 EEST 2016</td>
</tr>
<tr><td>Total time:</td><td>1 seconds (1850 ms)</td>
</tr><tr>
<td>Included groups:</td><td></td>
</tr><tr>
<td>Excluded groups:</td><td></td>
</tr>
</table><p/>
<small><i>(Hover the method name to see the test class name)</i></small><p/>
<table width='100%' border='1' class='invocation-passed'>
<tr><td colspan='4' align='center'><b>PASSED TESTS</b></td></tr>
<tr><td><b>Test method</b></td>
<td width="30%"><b>Exception</b></td>
<td width="10%"><b>Time (seconds)</b></td>
<td><b>Instance</b></td>
</tr>
<tr>
<td title='ua.goit.timonov.antMaven.module032.SquareSumWithPhaserTest.testGetSquareSumBorder()'><b>testGetSquareSumBorder</b><br>Test class: ua.goit.timonov.antMaven.module032.SquareSumWithPhaserTest</td>
<td></td>
<td>0</td>
<td>ua.goit.timonov.antMaven.module032.SquareSumWithPhaserTest@46f5f779</td></tr>
<tr>
<td title='ua.goit.timonov.antMaven.module032.SquareSumWithPhaserTest.testGetSquareSumDivisionElementsOnThreads_1()'><b>testGetSquareSumDivisionElementsOnThreads_1</b><br>Test class: ua.goit.timonov.antMaven.module032.SquareSumWithPhaserTest</td>
<td></td>
<td>0</td>
<td>ua.goit.timonov.antMaven.module032.SquareSumWithPhaserTest@46f5f779</td></tr>
<tr>
<td title='ua.goit.timonov.antMaven.module032.SquareSumWithPhaserTest.testGetSquareSumDivisionElementsOnThreads_2()'><b>testGetSquareSumDivisionElementsOnThreads_2</b><br>Test class: ua.goit.timonov.antMaven.module032.SquareSumWithPhaserTest</td>
<td></td>
<td>0</td>
<td>ua.goit.timonov.antMaven.module032.SquareSumWithPhaserTest@46f5f779</td></tr>
<tr>
<td title='ua.goit.timonov.antMaven.module032.SquareSumWithPhaserTest.testGetSquareSumDivisionElementsOnThreads_3()'><b>testGetSquareSumDivisionElementsOnThreads_3</b><br>Test class: ua.goit.timonov.antMaven.module032.SquareSumWithPhaserTest</td>
<td></td>
<td>0</td>
<td>ua.goit.timonov.antMaven.module032.SquareSumWithPhaserTest@46f5f779</td></tr>
<tr>
<td title='ua.goit.timonov.antMaven.module032.SquareSumWithPhaserTest.testGetSquareSumExpectedIllegalArgumentException_1()'><b>testGetSquareSumExpectedIllegalArgumentException_1</b><br>Test class: ua.goit.timonov.antMaven.module032.SquareSumWithPhaserTest</td>
<td><div><pre>java.lang.IllegalArgumentException: Array with values should contain elements!
	at ua.goit.timonov.antMaven.module032.PhaserSquareSum.validateArguments(Unknown Source)
	at ua.goit.timonov.antMaven.module032.PhaserSquareSum.getSquareSum(Unknown Source)
	at ua.goit.timonov.antMaven.module032.SquareSumWithPhaserTest.testGetSquareSumExpectedIllegalArgumentException_1(Unknown Source)
... Removed 23 stack frames</pre></div><a href='#' onClick='toggleBox("stack-trace288665596", this, "Click to show all stack frames", "Click to hide stack frames")'>Click to show all stack frames</a>
<div class='stack-trace' id='stack-trace288665596'><pre>java.lang.IllegalArgumentException: Array with values should contain elements!
	at ua.goit.timonov.antMaven.module032.PhaserSquareSum.validateArguments(Unknown Source)
	at ua.goit.timonov.antMaven.module032.PhaserSquareSum.getSquareSum(Unknown Source)
	at ua.goit.timonov.antMaven.module032.SquareSumWithPhaserTest.testGetSquareSumExpectedIllegalArgumentException_1(Unknown Source)
	at sun.reflect.NativeMethodAccessorImpl.invoke0(Native Method)
	at sun.reflect.NativeMethodAccessorImpl.invoke(NativeMethodAccessorImpl.java:62)
	at sun.reflect.DelegatingMethodAccessorImpl.invoke(DelegatingMethodAccessorImpl.java:43)
	at java.lang.reflect.Method.invoke(Method.java:497)
	at org.testng.internal.MethodInvocationHelper.invokeMethod(MethodInvocationHelper.java:86)
	at org.testng.internal.Invoker.invokeMethod(Invoker.java:643)
	at org.testng.internal.Invoker.invokeTestMethod(Invoker.java:820)
	at org.testng.internal.Invoker.invokeTestMethods(Invoker.java:1128)
	at org.testng.internal.TestMethodWorker.invokeTestMethods(TestMethodWorker.java:129)
	at org.testng.internal.TestMethodWorker.run(TestMethodWorker.java:112)
	at org.testng.TestRunner.privateRun(TestRunner.java:782)
	at org.testng.TestRunner.run(TestRunner.java:632)
	at org.testng.SuiteRunner.runTest(SuiteRunner.java:366)
	at org.testng.SuiteRunner.runSequentially(SuiteRunner.java:361)
	at org.testng.SuiteRunner.privateRun(SuiteRunner.java:319)
	at org.testng.SuiteRunner.run(SuiteRunner.java:268)
	at org.testng.SuiteRunnerWorker.runSuite(SuiteRunnerWorker.java:52)
	at org.testng.SuiteRunnerWorker.run(SuiteRunnerWorker.java:86)
	at org.testng.TestNG.runSuitesSequentially(TestNG.java:1244)
	at org.testng.TestNG.runSuitesLocally(TestNG.java:1169)
	at org.testng.TestNG.run(TestNG.java:1064)
	at org.testng.TestNG.privateMain(TestNG.java:1385)
	at org.testng.TestNG.main(TestNG.java:1354)
</pre></div></td>
<td>0</td>
<td>ua.goit.timonov.antMaven.module032.SquareSumWithPhaserTest@46f5f779</td></tr>
<tr>
<td title='ua.goit.timonov.antMaven.module032.SquareSumWithPhaserTest.testGetSquareSumExpectedIllegalArgumentException_2()'><b>testGetSquareSumExpectedIllegalArgumentException_2</b><br>Test class: ua.goit.timonov.antMaven.module032.SquareSumWithPhaserTest</td>
<td><div><pre>java.lang.IllegalArgumentException: Number of threads should be positive!
	at ua.goit.timonov.antMaven.module032.PhaserSquareSum.validateArguments(Unknown Source)
	at ua.goit.timonov.antMaven.module032.PhaserSquareSum.getSquareSum(Unknown Source)
	at ua.goit.timonov.antMaven.module032.SquareSumWithPhaserTest.testGetSquareSumExpectedIllegalArgumentException_2(Unknown Source)
... Removed 23 stack frames</pre></div><a href='#' onClick='toggleBox("stack-trace13648335", this, "Click to show all stack frames", "Click to hide stack frames")'>Click to show all stack frames</a>
<div class='stack-trace' id='stack-trace13648335'><pre>java.lang.IllegalArgumentException: Number of threads should be positive!
	at ua.goit.timonov.antMaven.module032.PhaserSquareSum.validateArguments(Unknown Source)
	at ua.goit.timonov.antMaven.module032.PhaserSquareSum.getSquareSum(Unknown Source)
	at ua.goit.timonov.antMaven.module032.SquareSumWithPhaserTest.testGetSquareSumExpectedIllegalArgumentException_2(Unknown Source)
	at sun.reflect.NativeMethodAccessorImpl.invoke0(Native Method)
	at sun.reflect.NativeMethodAccessorImpl.invoke(NativeMethodAccessorImpl.java:62)
	at sun.reflect.DelegatingMethodAccessorImpl.invoke(DelegatingMethodAccessorImpl.java:43)
	at java.lang.reflect.Method.invoke(Method.java:497)
	at org.testng.internal.MethodInvocationHelper.invokeMethod(MethodInvocationHelper.java:86)
	at org.testng.internal.Invoker.invokeMethod(Invoker.java:643)
	at org.testng.internal.Invoker.invokeTestMethod(Invoker.java:820)
	at org.testng.internal.Invoker.invokeTestMethods(Invoker.java:1128)
	at org.testng.internal.TestMethodWorker.invokeTestMethods(TestMethodWorker.java:129)
	at org.testng.internal.TestMethodWorker.run(TestMethodWorker.java:112)
	at org.testng.TestRunner.privateRun(TestRunner.java:782)
	at org.testng.TestRunner.run(TestRunner.java:632)
	at org.testng.SuiteRunner.runTest(SuiteRunner.java:366)
	at org.testng.SuiteRunner.runSequentially(SuiteRunner.java:361)
	at org.testng.SuiteRunner.privateRun(SuiteRunner.java:319)
	at org.testng.SuiteRunner.run(SuiteRunner.java:268)
	at org.testng.SuiteRunnerWorker.runSuite(SuiteRunnerWorker.java:52)
	at org.testng.SuiteRunnerWorker.run(SuiteRunnerWorker.java:86)
	at org.testng.TestNG.runSuitesSequentially(TestNG.java:1244)
	at org.testng.TestNG.runSuitesLocally(TestNG.java:1169)
	at org.testng.TestNG.run(TestNG.java:1064)
	at org.testng.TestNG.privateMain(TestNG.java:1385)
	at org.testng.TestNG.main(TestNG.java:1354)
</pre></div></td>
<td>0</td>
<td>ua.goit.timonov.antMaven.module032.SquareSumWithPhaserTest@46f5f779</td></tr>
<tr>
<td title='ua.goit.timonov.antMaven.module032.SquareSumWithPhaserTest.testGetSquareSumExpectedIllegalArgumentException_3()'><b>testGetSquareSumExpectedIllegalArgumentException_3</b><br>Test class: ua.goit.timonov.antMaven.module032.SquareSumWithPhaserTest</td>
<td><div><pre>java.lang.IllegalArgumentException: Number of threads should be positive!
	at ua.goit.timonov.antMaven.module032.PhaserSquareSum.validateArguments(Unknown Source)
	at ua.goit.timonov.antMaven.module032.PhaserSquareSum.getSquareSum(Unknown Source)
	at ua.goit.timonov.antMaven.module032.SquareSumWithPhaserTest.testGetSquareSumExpectedIllegalArgumentException_3(Unknown Source)
... Removed 23 stack frames</pre></div><a href='#' onClick='toggleBox("stack-trace312116338", this, "Click to show all stack frames", "Click to hide stack frames")'>Click to show all stack frames</a>
<div class='stack-trace' id='stack-trace312116338'><pre>java.lang.IllegalArgumentException: Number of threads should be positive!
	at ua.goit.timonov.antMaven.module032.PhaserSquareSum.validateArguments(Unknown Source)
	at ua.goit.timonov.antMaven.module032.PhaserSquareSum.getSquareSum(Unknown Source)
	at ua.goit.timonov.antMaven.module032.SquareSumWithPhaserTest.testGetSquareSumExpectedIllegalArgumentException_3(Unknown Source)
	at sun.reflect.NativeMethodAccessorImpl.invoke0(Native Method)
	at sun.reflect.NativeMethodAccessorImpl.invoke(NativeMethodAccessorImpl.java:62)
	at sun.reflect.DelegatingMethodAccessorImpl.invoke(DelegatingMethodAccessorImpl.java:43)
	at java.lang.reflect.Method.invoke(Method.java:497)
	at org.testng.internal.MethodInvocationHelper.invokeMethod(MethodInvocationHelper.java:86)
	at org.testng.internal.Invoker.invokeMethod(Invoker.java:643)
	at org.testng.internal.Invoker.invokeTestMethod(Invoker.java:820)
	at org.testng.internal.Invoker.invokeTestMethods(Invoker.java:1128)
	at org.testng.internal.TestMethodWorker.invokeTestMethods(TestMethodWorker.java:129)
	at org.testng.internal.TestMethodWorker.run(TestMethodWorker.java:112)
	at org.testng.TestRunner.privateRun(TestRunner.java:782)
	at org.testng.TestRunner.run(TestRunner.java:632)
	at org.testng.SuiteRunner.runTest(SuiteRunner.java:366)
	at org.testng.SuiteRunner.runSequentially(SuiteRunner.java:361)
	at org.testng.SuiteRunner.privateRun(SuiteRunner.java:319)
	at org.testng.SuiteRunner.run(SuiteRunner.java:268)
	at org.testng.SuiteRunnerWorker.runSuite(SuiteRunnerWorker.java:52)
	at org.testng.SuiteRunnerWorker.run(SuiteRunnerWorker.java:86)
	at org.testng.TestNG.runSuitesSequentially(TestNG.java:1244)
	at org.testng.TestNG.runSuitesLocally(TestNG.java:1169)
	at org.testng.TestNG.run(TestNG.java:1064)
	at org.testng.TestNG.privateMain(TestNG.java:1385)
	at org.testng.TestNG.main(TestNG.java:1354)
</pre></div></td>
<td>0</td>
<td>ua.goit.timonov.antMaven.module032.SquareSumWithPhaserTest@46f5f779</td></tr>
<tr>
<td title='ua.goit.timonov.antMaven.module032.SquareSumWithPhaserTest.testGetSquareSumNormalBorder_1()'><b>testGetSquareSumNormalBorder_1</b><br>Test class: ua.goit.timonov.antMaven.module032.SquareSumWithPhaserTest</td>
<td></td>
<td>0</td>
<td>ua.goit.timonov.antMaven.module032.SquareSumWithPhaserTest@46f5f779</td></tr>
<tr>
<td title='ua.goit.timonov.antMaven.module032.SquareSumWithPhaserTest.testGetSquareSumNormalBorder_2()'><b>testGetSquareSumNormalBorder_2</b><br>Test class: ua.goit.timonov.antMaven.module032.SquareSumWithPhaserTest</td>
<td></td>
<td>0</td>
<td>ua.goit.timonov.antMaven.module032.SquareSumWithPhaserTest@46f5f779</td></tr>
<tr>
<td title='ua.goit.timonov.antMaven.module032.SquareSumWithPhaserTest.testGetSquareSumNormalSimple()'><b>testGetSquareSumNormalSimple</b><br>Test class: ua.goit.timonov.antMaven.module032.SquareSumWithPhaserTest</td>
<td></td>
<td>0</td>
<td>ua.goit.timonov.antMaven.module032.SquareSumWithPhaserTest@46f5f779</td></tr>
<tr>
<td title='ua.goit.timonov.antMaven.module032.SquareSumWithPhaserTest.testGetSquareSumNormal_1()'><b>testGetSquareSumNormal_1</b><br>Test class: ua.goit.timonov.antMaven.module032.SquareSumWithPhaserTest</td>
<td></td>
<td>0</td>
<td>ua.goit.timonov.antMaven.module032.SquareSumWithPhaserTest@46f5f779</td></tr>
<tr>
<td title='ua.goit.timonov.antMaven.module032.SquareSumWithPhaserTest.testGetSquareSumNormal_2()'><b>testGetSquareSumNormal_2</b><br>Test class: ua.goit.timonov.antMaven.module032.SquareSumWithPhaserTest</td>
<td></td>
<td>0</td>
<td>ua.goit.timonov.antMaven.module032.SquareSumWithPhaserTest@46f5f779</td></tr>
</table><p>
</body>
</html>