<html>
<head>
<title>TestNG:  Integer Task Test</title>
<link href="../testng.css" rel="stylesheet" type="text/css" />
<link href="../my-testng.css" rel="stylesheet" type="text/css" />

<style type="text/css">
.log { display: none;} 
.stack-trace { display: none;} 
</style>
<script type="text/javascript">
<!--
function flip(e) {
  current = e.style.display;
  if (current == 'block') {
    e.style.display = 'none';
    return 0;
  }
  else {
    e.style.display = 'block';
    return 1;
  }
}

function toggleBox(szDivId, elem, msg1, msg2)
{
  var res = -1;  if (document.getElementById) {
    res = flip(document.getElementById(szDivId));
  }
  else if (document.all) {
    // this is the way old msie versions work
    res = flip(document.all[szDivId]);
  }
  if(elem) {
    if(res == 0) elem.innerHTML = msg1; else elem.innerHTML = msg2;
  }

}

function toggleAllBoxes() {
  if (document.getElementsByTagName) {
    d = document.getElementsByTagName('div');
    for (i = 0; i < d.length; i++) {
      if (d[i].className == 'log') {
        flip(d[i]);
      }
    }
  }
}

// -->
</script>

</head>
<body>
<h2 align='center'>Integer Task Test</h2><table border='1' align="center">
<tr>
<td>Tests passed/Failed/Skipped:</td><td>30/0/0</td>
</tr><tr>
<td>Started on:</td><td>Fri Jun 24 16:00:23 EEST 2016</td>
</tr>
<tr><td>Total time:</td><td>0 seconds (302 ms)</td>
</tr><tr>
<td>Included groups:</td><td></td>
</tr><tr>
<td>Excluded groups:</td><td></td>
</tr>
</table><p/>
<small><i>(Hover the method name to see the test class name)</i></small><p/>
<table width='100%' border='1' class='invocation-passed'>
<tr><td colspan='4' align='center'><b>PASSED TESTS</b></td></tr>
<tr><td><b>Test method</b></td>
<td width="30%"><b>Exception</b></td>
<td width="10%"><b>Time (seconds)</b></td>
<td><b>Instance</b></td>
</tr>
<tr>
<td title='ua.goit.timonov.antMaven.module02.NumberExecutorTest.testAddTaskCatchException()'><b>testAddTaskCatchException</b><br>Test class: ua.goit.timonov.antMaven.module02.NumberExecutorTest</td>
<td><div><pre>ua.goit.timonov.antMaven.module02.ExecuteWasInvokedException: IntSquareTask{value=10, result=null} can&apos;t be added!
	at ua.goit.timonov.antMaven.module02.NumberExecutor.addTask(Unknown Source)
	at ua.goit.timonov.antMaven.module02.NumberExecutorTest.testAddTaskCatchException(Unknown Source)
... Removed 23 stack frames</pre></div><a href='#' onClick='toggleBox("stack-trace288665596", this, "Click to show all stack frames", "Click to hide stack frames")'>Click to show all stack frames</a>
<div class='stack-trace' id='stack-trace288665596'><pre>ua.goit.timonov.antMaven.module02.ExecuteWasInvokedException: IntSquareTask{value=10, result=null} can&apos;t be added!
	at ua.goit.timonov.antMaven.module02.NumberExecutor.addTask(Unknown Source)
	at ua.goit.timonov.antMaven.module02.NumberExecutorTest.testAddTaskCatchException(Unknown Source)
	at sun.reflect.NativeMethodAccessorImpl.invoke0(Native Method)
	at sun.reflect.NativeMethodAccessorImpl.invoke(NativeMethodAccessorImpl.java:62)
	at sun.reflect.DelegatingMethodAccessorImpl.invoke(DelegatingMethodAccessorImpl.java:43)
	at java.lang.reflect.Method.invoke(Method.java:497)
	at org.testng.internal.MethodInvocationHelper.invokeMethod(MethodInvocationHelper.java:86)
	at org.testng.internal.Invoker.invokeMethod(Invoker.java:643)
	at org.testng.internal.Invoker.invokeTestMethod(Invoker.java:820)
	at org.testng.internal.Invoker.invokeTestMethods(Invoker.java:1128)
	at org.testng.internal.TestMethodWorker.invokeTestMethods(TestMethodWorker.java:129)
	at org.testng.internal.TestMethodWorker.run(TestMethodWorker.java:112)
	at org.testng.TestRunner.privateRun(TestRunner.java:782)
	at org.testng.TestRunner.run(TestRunner.java:632)
	at org.testng.SuiteRunner.runTest(SuiteRunner.java:366)
	at org.testng.SuiteRunner.runSequentially(SuiteRunner.java:361)
	at org.testng.SuiteRunner.privateRun(SuiteRunner.java:319)
	at org.testng.SuiteRunner.run(SuiteRunner.java:268)
	at org.testng.SuiteRunnerWorker.runSuite(SuiteRunnerWorker.java:52)
	at org.testng.SuiteRunnerWorker.run(SuiteRunnerWorker.java:86)
	at org.testng.TestNG.runSuitesSequentially(TestNG.java:1244)
	at org.testng.TestNG.runSuitesLocally(TestNG.java:1169)
	at org.testng.TestNG.run(TestNG.java:1064)
	at org.testng.TestNG.privateMain(TestNG.java:1385)
	at org.testng.TestNG.main(TestNG.java:1354)
</pre></div></td>
<td>0</td>
<td>ua.goit.timonov.antMaven.module02.NumberExecutorTest@18ef96</td></tr>
<tr>
<td title='ua.goit.timonov.antMaven.module02.NumberExecutorTest.testAddTaskNormal()'><b>testAddTaskNormal</b><br>Test class: ua.goit.timonov.antMaven.module02.NumberExecutorTest</td>
<td></td>
<td>0</td>
<td>ua.goit.timonov.antMaven.module02.NumberExecutorTest@18ef96</td></tr>
<tr>
<td title='ua.goit.timonov.antMaven.module02.IntTaskTest.testExecuteCatchForException_1()'><b>testExecuteCatchForException_1</b><br>Test class: ua.goit.timonov.antMaven.module02.IntTaskTest</td>
<td><div><pre>ua.goit.timonov.antMaven.module02.TaskOverflowDataTypeException: Long type will be overflow through Integer.MAX_VALUE
	at ua.goit.timonov.antMaven.module02.IntSquareTask.checkIntegerArgument(Unknown Source)
	at ua.goit.timonov.antMaven.module02.IntSquareTask.execute(Unknown Source)
	at ua.goit.timonov.antMaven.module02.IntTaskTest.testExecuteCatchForException_1(Unknown Source)
... Removed 23 stack frames</pre></div><a href='#' onClick='toggleBox("stack-trace1164175787", this, "Click to show all stack frames", "Click to hide stack frames")'>Click to show all stack frames</a>
<div class='stack-trace' id='stack-trace1164175787'><pre>ua.goit.timonov.antMaven.module02.TaskOverflowDataTypeException: Long type will be overflow through Integer.MAX_VALUE
	at ua.goit.timonov.antMaven.module02.IntSquareTask.checkIntegerArgument(Unknown Source)
	at ua.goit.timonov.antMaven.module02.IntSquareTask.execute(Unknown Source)
	at ua.goit.timonov.antMaven.module02.IntTaskTest.testExecuteCatchForException_1(Unknown Source)
	at sun.reflect.NativeMethodAccessorImpl.invoke0(Native Method)
	at sun.reflect.NativeMethodAccessorImpl.invoke(NativeMethodAccessorImpl.java:62)
	at sun.reflect.DelegatingMethodAccessorImpl.invoke(DelegatingMethodAccessorImpl.java:43)
	at java.lang.reflect.Method.invoke(Method.java:497)
	at org.testng.internal.MethodInvocationHelper.invokeMethod(MethodInvocationHelper.java:86)
	at org.testng.internal.Invoker.invokeMethod(Invoker.java:643)
	at org.testng.internal.Invoker.invokeTestMethod(Invoker.java:820)
	at org.testng.internal.Invoker.invokeTestMethods(Invoker.java:1128)
	at org.testng.internal.TestMethodWorker.invokeTestMethods(TestMethodWorker.java:129)
	at org.testng.internal.TestMethodWorker.run(TestMethodWorker.java:112)
	at org.testng.TestRunner.privateRun(TestRunner.java:782)
	at org.testng.TestRunner.run(TestRunner.java:632)
	at org.testng.SuiteRunner.runTest(SuiteRunner.java:366)
	at org.testng.SuiteRunner.runSequentially(SuiteRunner.java:361)
	at org.testng.SuiteRunner.privateRun(SuiteRunner.java:319)
	at org.testng.SuiteRunner.run(SuiteRunner.java:268)
	at org.testng.SuiteRunnerWorker.runSuite(SuiteRunnerWorker.java:52)
	at org.testng.SuiteRunnerWorker.run(SuiteRunnerWorker.java:86)
	at org.testng.TestNG.runSuitesSequentially(TestNG.java:1244)
	at org.testng.TestNG.runSuitesLocally(TestNG.java:1169)
	at org.testng.TestNG.run(TestNG.java:1064)
	at org.testng.TestNG.privateMain(TestNG.java:1385)
	at org.testng.TestNG.main(TestNG.java:1354)
</pre></div></td>
<td>0</td>
<td>ua.goit.timonov.antMaven.module02.IntTaskTest@5a42bbf4</td></tr>
<tr>
<td title='ua.goit.timonov.antMaven.module02.LongTaskTest.testExecuteCatchForException_1()'><b>testExecuteCatchForException_1</b><br>Test class: ua.goit.timonov.antMaven.module02.LongTaskTest</td>
<td><div><pre>ua.goit.timonov.antMaven.module02.TaskOverflowDataTypeException: Long type will be overflow through Long.MAX_VALUE
	at ua.goit.timonov.antMaven.module02.LongSquareTask.checkLongArgument(Unknown Source)
	at ua.goit.timonov.antMaven.module02.LongSquareTask.execute(Unknown Source)
	at ua.goit.timonov.antMaven.module02.LongTaskTest.testExecuteCatchForException_1(Unknown Source)
... Removed 23 stack frames</pre></div><a href='#' onClick='toggleBox("stack-trace1975358023", this, "Click to show all stack frames", "Click to hide stack frames")'>Click to show all stack frames</a>
<div class='stack-trace' id='stack-trace1975358023'><pre>ua.goit.timonov.antMaven.module02.TaskOverflowDataTypeException: Long type will be overflow through Long.MAX_VALUE
	at ua.goit.timonov.antMaven.module02.LongSquareTask.checkLongArgument(Unknown Source)
	at ua.goit.timonov.antMaven.module02.LongSquareTask.execute(Unknown Source)
	at ua.goit.timonov.antMaven.module02.LongTaskTest.testExecuteCatchForException_1(Unknown Source)
	at sun.reflect.NativeMethodAccessorImpl.invoke0(Native Method)
	at sun.reflect.NativeMethodAccessorImpl.invoke(NativeMethodAccessorImpl.java:62)
	at sun.reflect.DelegatingMethodAccessorImpl.invoke(DelegatingMethodAccessorImpl.java:43)
	at java.lang.reflect.Method.invoke(Method.java:497)
	at org.testng.internal.MethodInvocationHelper.invokeMethod(MethodInvocationHelper.java:86)
	at org.testng.internal.Invoker.invokeMethod(Invoker.java:643)
	at org.testng.internal.Invoker.invokeTestMethod(Invoker.java:820)
	at org.testng.internal.Invoker.invokeTestMethods(Invoker.java:1128)
	at org.testng.internal.TestMethodWorker.invokeTestMethods(TestMethodWorker.java:129)
	at org.testng.internal.TestMethodWorker.run(TestMethodWorker.java:112)
	at org.testng.TestRunner.privateRun(TestRunner.java:782)
	at org.testng.TestRunner.run(TestRunner.java:632)
	at org.testng.SuiteRunner.runTest(SuiteRunner.java:366)
	at org.testng.SuiteRunner.runSequentially(SuiteRunner.java:361)
	at org.testng.SuiteRunner.privateRun(SuiteRunner.java:319)
	at org.testng.SuiteRunner.run(SuiteRunner.java:268)
	at org.testng.SuiteRunnerWorker.runSuite(SuiteRunnerWorker.java:52)
	at org.testng.SuiteRunnerWorker.run(SuiteRunnerWorker.java:86)
	at org.testng.TestNG.runSuitesSequentially(TestNG.java:1244)
	at org.testng.TestNG.runSuitesLocally(TestNG.java:1169)
	at org.testng.TestNG.run(TestNG.java:1064)
	at org.testng.TestNG.privateMain(TestNG.java:1385)
	at org.testng.TestNG.main(TestNG.java:1354)
</pre></div></td>
<td>0</td>
<td>ua.goit.timonov.antMaven.module02.LongTaskTest@4f4a7090</td></tr>
<tr>
<td title='ua.goit.timonov.antMaven.module02.IntTaskTest.testExecuteCatchForException_2()'><b>testExecuteCatchForException_2</b><br>Test class: ua.goit.timonov.antMaven.module02.IntTaskTest</td>
<td><div><pre>ua.goit.timonov.antMaven.module02.TaskOverflowDataTypeException: Long type will be overflow through Integer.MAX_VALUE
	at ua.goit.timonov.antMaven.module02.IntSquareTask.checkIntegerArgument(Unknown Source)
	at ua.goit.timonov.antMaven.module02.IntSquareTask.execute(Unknown Source)
	at ua.goit.timonov.antMaven.module02.IntTaskTest.testExecuteCatchForException_2(Unknown Source)
... Removed 23 stack frames</pre></div><a href='#' onClick='toggleBox("stack-trace290658609", this, "Click to show all stack frames", "Click to hide stack frames")'>Click to show all stack frames</a>
<div class='stack-trace' id='stack-trace290658609'><pre>ua.goit.timonov.antMaven.module02.TaskOverflowDataTypeException: Long type will be overflow through Integer.MAX_VALUE
	at ua.goit.timonov.antMaven.module02.IntSquareTask.checkIntegerArgument(Unknown Source)
	at ua.goit.timonov.antMaven.module02.IntSquareTask.execute(Unknown Source)
	at ua.goit.timonov.antMaven.module02.IntTaskTest.testExecuteCatchForException_2(Unknown Source)
	at sun.reflect.NativeMethodAccessorImpl.invoke0(Native Method)
	at sun.reflect.NativeMethodAccessorImpl.invoke(NativeMethodAccessorImpl.java:62)
	at sun.reflect.DelegatingMethodAccessorImpl.invoke(DelegatingMethodAccessorImpl.java:43)
	at java.lang.reflect.Method.invoke(Method.java:497)
	at org.testng.internal.MethodInvocationHelper.invokeMethod(MethodInvocationHelper.java:86)
	at org.testng.internal.Invoker.invokeMethod(Invoker.java:643)
	at org.testng.internal.Invoker.invokeTestMethod(Invoker.java:820)
	at org.testng.internal.Invoker.invokeTestMethods(Invoker.java:1128)
	at org.testng.internal.TestMethodWorker.invokeTestMethods(TestMethodWorker.java:129)
	at org.testng.internal.TestMethodWorker.run(TestMethodWorker.java:112)
	at org.testng.TestRunner.privateRun(TestRunner.java:782)
	at org.testng.TestRunner.run(TestRunner.java:632)
	at org.testng.SuiteRunner.runTest(SuiteRunner.java:366)
	at org.testng.SuiteRunner.runSequentially(SuiteRunner.java:361)
	at org.testng.SuiteRunner.privateRun(SuiteRunner.java:319)
	at org.testng.SuiteRunner.run(SuiteRunner.java:268)
	at org.testng.SuiteRunnerWorker.runSuite(SuiteRunnerWorker.java:52)
	at org.testng.SuiteRunnerWorker.run(SuiteRunnerWorker.java:86)
	at org.testng.TestNG.runSuitesSequentially(TestNG.java:1244)
	at org.testng.TestNG.runSuitesLocally(TestNG.java:1169)
	at org.testng.TestNG.run(TestNG.java:1064)
	at org.testng.TestNG.privateMain(TestNG.java:1385)
	at org.testng.TestNG.main(TestNG.java:1354)
</pre></div></td>
<td>0</td>
<td>ua.goit.timonov.antMaven.module02.IntTaskTest@5a42bbf4</td></tr>
<tr>
<td title='ua.goit.timonov.antMaven.module02.LongTaskTest.testExecuteCatchForException_2()'><b>testExecuteCatchForException_2</b><br>Test class: ua.goit.timonov.antMaven.module02.LongTaskTest</td>
<td><div><pre>ua.goit.timonov.antMaven.module02.TaskOverflowDataTypeException: Long type will be overflow through Long.MAX_VALUE
	at ua.goit.timonov.antMaven.module02.LongSquareTask.checkLongArgument(Unknown Source)
	at ua.goit.timonov.antMaven.module02.LongSquareTask.execute(Unknown Source)
	at ua.goit.timonov.antMaven.module02.LongTaskTest.testExecuteCatchForException_2(Unknown Source)
... Removed 23 stack frames</pre></div><a href='#' onClick='toggleBox("stack-trace2101440631", this, "Click to show all stack frames", "Click to hide stack frames")'>Click to show all stack frames</a>
<div class='stack-trace' id='stack-trace2101440631'><pre>ua.goit.timonov.antMaven.module02.TaskOverflowDataTypeException: Long type will be overflow through Long.MAX_VALUE
	at ua.goit.timonov.antMaven.module02.LongSquareTask.checkLongArgument(Unknown Source)
	at ua.goit.timonov.antMaven.module02.LongSquareTask.execute(Unknown Source)
	at ua.goit.timonov.antMaven.module02.LongTaskTest.testExecuteCatchForException_2(Unknown Source)
	at sun.reflect.NativeMethodAccessorImpl.invoke0(Native Method)
	at sun.reflect.NativeMethodAccessorImpl.invoke(NativeMethodAccessorImpl.java:62)
	at sun.reflect.DelegatingMethodAccessorImpl.invoke(DelegatingMethodAccessorImpl.java:43)
	at java.lang.reflect.Method.invoke(Method.java:497)
	at org.testng.internal.MethodInvocationHelper.invokeMethod(MethodInvocationHelper.java:86)
	at org.testng.internal.Invoker.invokeMethod(Invoker.java:643)
	at org.testng.internal.Invoker.invokeTestMethod(Invoker.java:820)
	at org.testng.internal.Invoker.invokeTestMethods(Invoker.java:1128)
	at org.testng.internal.TestMethodWorker.invokeTestMethods(TestMethodWorker.java:129)
	at org.testng.internal.TestMethodWorker.run(TestMethodWorker.java:112)
	at org.testng.TestRunner.privateRun(TestRunner.java:782)
	at org.testng.TestRunner.run(TestRunner.java:632)
	at org.testng.SuiteRunner.runTest(SuiteRunner.java:366)
	at org.testng.SuiteRunner.runSequentially(SuiteRunner.java:361)
	at org.testng.SuiteRunner.privateRun(SuiteRunner.java:319)
	at org.testng.SuiteRunner.run(SuiteRunner.java:268)
	at org.testng.SuiteRunnerWorker.runSuite(SuiteRunnerWorker.java:52)
	at org.testng.SuiteRunnerWorker.run(SuiteRunnerWorker.java:86)
	at org.testng.TestNG.runSuitesSequentially(TestNG.java:1244)
	at org.testng.TestNG.runSuitesLocally(TestNG.java:1169)
	at org.testng.TestNG.run(TestNG.java:1064)
	at org.testng.TestNG.privateMain(TestNG.java:1385)
	at org.testng.TestNG.main(TestNG.java:1354)
</pre></div></td>
<td>0</td>
<td>ua.goit.timonov.antMaven.module02.LongTaskTest@4f4a7090</td></tr>
<tr>
<td title='ua.goit.timonov.antMaven.module02.NumberExecutorTest.testExecuteInt()'><b>testExecuteInt</b><br>Test class: ua.goit.timonov.antMaven.module02.NumberExecutorTest</td>
<td></td>
<td>0</td>
<td>ua.goit.timonov.antMaven.module02.NumberExecutorTest@18ef96</td></tr>
<tr>
<td title='ua.goit.timonov.antMaven.module02.NumberExecutorTest.testExecuteIntWithInvalidResults()'><b>testExecuteIntWithInvalidResults</b><br>Test class: ua.goit.timonov.antMaven.module02.NumberExecutorTest</td>
<td></td>
<td>0</td>
<td>ua.goit.timonov.antMaven.module02.NumberExecutorTest@18ef96</td></tr>
<tr>
<td title='ua.goit.timonov.antMaven.module02.NumberExecutorTest.testExecuteLong()'><b>testExecuteLong</b><br>Test class: ua.goit.timonov.antMaven.module02.NumberExecutorTest</td>
<td></td>
<td>0</td>
<td>ua.goit.timonov.antMaven.module02.NumberExecutorTest@18ef96</td></tr>
<tr>
<td title='ua.goit.timonov.antMaven.module02.NumberExecutorTest.testExecuteLongWithInvalidResults()'><b>testExecuteLongWithInvalidResults</b><br>Test class: ua.goit.timonov.antMaven.module02.NumberExecutorTest</td>
<td></td>
<td>0</td>
<td>ua.goit.timonov.antMaven.module02.NumberExecutorTest@18ef96</td></tr>
<tr>
<td title='ua.goit.timonov.antMaven.module02.IntTaskTest.testExecuteNormal_1()'><b>testExecuteNormal_1</b><br>Test class: ua.goit.timonov.antMaven.module02.IntTaskTest</td>
<td></td>
<td>0</td>
<td>ua.goit.timonov.antMaven.module02.IntTaskTest@5a42bbf4</td></tr>
<tr>
<td title='ua.goit.timonov.antMaven.module02.LongTaskTest.testExecuteNormal_1()'><b>testExecuteNormal_1</b><br>Test class: ua.goit.timonov.antMaven.module02.LongTaskTest</td>
<td></td>
<td>0</td>
<td>ua.goit.timonov.antMaven.module02.LongTaskTest@4f4a7090</td></tr>
<tr>
<td title='ua.goit.timonov.antMaven.module02.IntTaskTest.testExecuteNormal_2()'><b>testExecuteNormal_2</b><br>Test class: ua.goit.timonov.antMaven.module02.IntTaskTest</td>
<td></td>
<td>0</td>
<td>ua.goit.timonov.antMaven.module02.IntTaskTest@5a42bbf4</td></tr>
<tr>
<td title='ua.goit.timonov.antMaven.module02.LongTaskTest.testExecuteNormal_2()'><b>testExecuteNormal_2</b><br>Test class: ua.goit.timonov.antMaven.module02.LongTaskTest</td>
<td></td>
<td>0</td>
<td>ua.goit.timonov.antMaven.module02.LongTaskTest@4f4a7090</td></tr>
<tr>
<td title='ua.goit.timonov.antMaven.module02.IntTaskTest.testExecuteNormal_3()'><b>testExecuteNormal_3</b><br>Test class: ua.goit.timonov.antMaven.module02.IntTaskTest</td>
<td></td>
<td>0</td>
<td>ua.goit.timonov.antMaven.module02.IntTaskTest@5a42bbf4</td></tr>
<tr>
<td title='ua.goit.timonov.antMaven.module02.LongTaskTest.testExecuteNormal_3()'><b>testExecuteNormal_3</b><br>Test class: ua.goit.timonov.antMaven.module02.LongTaskTest</td>
<td></td>
<td>0</td>
<td>ua.goit.timonov.antMaven.module02.LongTaskTest@4f4a7090</td></tr>
<tr>
<td title='ua.goit.timonov.antMaven.module02.NumberExecutorTest.testGetInvalidResults()'><b>testGetInvalidResults</b><br>Test class: ua.goit.timonov.antMaven.module02.NumberExecutorTest</td>
<td></td>
<td>0</td>
<td>ua.goit.timonov.antMaven.module02.NumberExecutorTest@18ef96</td></tr>
<tr>
<td title='ua.goit.timonov.antMaven.module02.IntTaskTest.testGetResultNormal_1()'><b>testGetResultNormal_1</b><br>Test class: ua.goit.timonov.antMaven.module02.IntTaskTest</td>
<td></td>
<td>0</td>
<td>ua.goit.timonov.antMaven.module02.IntTaskTest@5a42bbf4</td></tr>
<tr>
<td title='ua.goit.timonov.antMaven.module02.LongTaskTest.testGetResultNormal_1()'><b>testGetResultNormal_1</b><br>Test class: ua.goit.timonov.antMaven.module02.LongTaskTest</td>
<td></td>
<td>0</td>
<td>ua.goit.timonov.antMaven.module02.LongTaskTest@4f4a7090</td></tr>
<tr>
<td title='ua.goit.timonov.antMaven.module02.IntTaskTest.testGetResultNormal_2()'><b>testGetResultNormal_2</b><br>Test class: ua.goit.timonov.antMaven.module02.IntTaskTest</td>
<td></td>
<td>0</td>
<td>ua.goit.timonov.antMaven.module02.IntTaskTest@5a42bbf4</td></tr>
<tr>
<td title='ua.goit.timonov.antMaven.module02.LongTaskTest.testGetResultNormal_2()'><b>testGetResultNormal_2</b><br>Test class: ua.goit.timonov.antMaven.module02.LongTaskTest</td>
<td></td>
<td>0</td>
<td>ua.goit.timonov.antMaven.module02.LongTaskTest@4f4a7090</td></tr>
<tr>
<td title='ua.goit.timonov.antMaven.module02.IntTaskTest.testGetResultNormal_3()'><b>testGetResultNormal_3</b><br>Test class: ua.goit.timonov.antMaven.module02.IntTaskTest</td>
<td></td>
<td>0</td>
<td>ua.goit.timonov.antMaven.module02.IntTaskTest@5a42bbf4</td></tr>
<tr>
<td title='ua.goit.timonov.antMaven.module02.LongTaskTest.testGetResultNormal_3()'><b>testGetResultNormal_3</b><br>Test class: ua.goit.timonov.antMaven.module02.LongTaskTest</td>
<td></td>
<td>0</td>
<td>ua.goit.timonov.antMaven.module02.LongTaskTest@4f4a7090</td></tr>
<tr>
<td title='ua.goit.timonov.antMaven.module02.NumberExecutorTest.testGetValidResults()'><b>testGetValidResults</b><br>Test class: ua.goit.timonov.antMaven.module02.NumberExecutorTest</td>
<td></td>
<td>0</td>
<td>ua.goit.timonov.antMaven.module02.NumberExecutorTest@18ef96</td></tr>
<tr>
<td title='ua.goit.timonov.antMaven.module02.NumberValidatorTest.testIsValidNormal_1()'><b>testIsValidNormal_1</b><br>Test class: ua.goit.timonov.antMaven.module02.NumberValidatorTest</td>
<td></td>
<td>0</td>
<td>ua.goit.timonov.antMaven.module02.NumberValidatorTest@6956de9</td></tr>
<tr>
<td title='ua.goit.timonov.antMaven.module02.NumberValidatorTest.testIsValidNormal_2()'><b>testIsValidNormal_2</b><br>Test class: ua.goit.timonov.antMaven.module02.NumberValidatorTest</td>
<td></td>
<td>0</td>
<td>ua.goit.timonov.antMaven.module02.NumberValidatorTest@6956de9</td></tr>
<tr>
<td title='ua.goit.timonov.antMaven.module02.NumberValidatorTest.testIsValidNormal_3()'><b>testIsValidNormal_3</b><br>Test class: ua.goit.timonov.antMaven.module02.NumberValidatorTest</td>
<td></td>
<td>0</td>
<td>ua.goit.timonov.antMaven.module02.NumberValidatorTest@6956de9</td></tr>
<tr>
<td title='ua.goit.timonov.antMaven.module02.NumberValidatorTest.testIsValidNormal_4()'><b>testIsValidNormal_4</b><br>Test class: ua.goit.timonov.antMaven.module02.NumberValidatorTest</td>
<td></td>
<td>0</td>
<td>ua.goit.timonov.antMaven.module02.NumberValidatorTest@6956de9</td></tr>
<tr>
<td title='ua.goit.timonov.antMaven.module02.NumberValidatorTest.testIsValidNormal_5()'><b>testIsValidNormal_5</b><br>Test class: ua.goit.timonov.antMaven.module02.NumberValidatorTest</td>
<td></td>
<td>0</td>
<td>ua.goit.timonov.antMaven.module02.NumberValidatorTest@6956de9</td></tr>
<tr>
<td title='ua.goit.timonov.antMaven.module02.NumberValidatorTest.testIsValidNormal_6()'><b>testIsValidNormal_6</b><br>Test class: ua.goit.timonov.antMaven.module02.NumberValidatorTest</td>
<td></td>
<td>0</td>
<td>ua.goit.timonov.antMaven.module02.NumberValidatorTest@6956de9</td></tr>
</table><p>
</body>
</html>